<?xml version="1.0" encoding="UTF-8"?>
<!-- Generated by org.testng.reporters.JUnitReportReporter -->
<testsuite hostname="DESKTOP-HCCN3OH" failures="0" tests="1" name="com.google.FirstTest" time="1.766" errors="0" timestamp="12 feb. 2022 17:34:48 GMT" skipped="0">
  <testcase classname="com.google.FirstTest" name="googleTest" time="1.766"/>
</testsuite> <!-- com.google.FirstTest -->
